Info: Starting: Create HDL design files for synthesis
Info: qsys-generate C:\Users\Nilsi\Documents\FPGA\scWpa\soc_system.qsys --synthesis=VERILOG --output-directory=C:\Users\Nilsi\Documents\FPGA\scWpa\soc_system\synthesis --family="Cyclone V" --part=5CSEMA5F31C6
Progress: Loading scWpa/soc_system.qsys
Progress: Reading input file
Progress: Adding clk_0 [clock_source 15.1]
Progress: Parameterizing module clk_0
Progress: Adding dataHps [altera_avalon_pio 15.1]
Progress: Parameterizing module dataHps
Progress: Adding hps_0 [altera_hps 15.1]
Progress: Parameterizing module hps_0
Progress: Adding result [altera_avalon_pio 15.1]
Progress: Parameterizing module result
Progress: Adding sndFpga [altera_avalon_pio 15.1]
Progress: Parameterizing module sndFpga
Progress: Adding sndHps [altera_avalon_pio 15.1]
Progress: Parameterizing module sndHps
Progress: Building connections
Progress: Parameterizing connections
Progress: Validating
Progress: Done reading input file
Info: soc_system.hps_0: HPS Main PLL counter settings: n = 0  m = 73
Info: soc_system.hps_0: HPS peripherial PLL counter settings: n = 0  m = 39
Warning: soc_system.hps_0: "Configuration/HPS-to-FPGA user 0 clock frequency" (desired_cfg_clk_mhz) requested 100.0 MHz, but only achieved 97.368421 MHz
Warning: soc_system.hps_0: 1 or more output clock frequencies cannot be achieved precisely, consider revising desired output clock frequencies.
Info: soc_system.result: PIO inputs are not hardwired in test bench. Undefined values will be read from PIO inputs during simulation.
Info: soc_system.sndFpga: PIO inputs are not hardwired in test bench. Undefined values will be read from PIO inputs during simulation.
Warning: soc_system.hps_0: hps_0.h2f_mpu_events must be exported, or connected to a matching conduit.
Info: soc_system: Generating soc_system "soc_system" for QUARTUS_SYNTH
Info: dataHps: Starting RTL generation for module 'soc_system_dataHps'
Info: dataHps:   Generation command is [exec C:/altera_lite/15.1/quartus/bin64/perl/bin/perl.exe -I C:/altera_lite/15.1/quartus/bin64/perl/lib -I C:/altera_lite/15.1/quartus/sopc_builder/bin/europa -I C:/altera_lite/15.1/quartus/sopc_builder/bin/perl_lib -I C:/altera_lite/15.1/quartus/sopc_builder/bin -I C:/altera_lite/15.1/quartus/../ip/altera/sopc_builder_ip/common -I C:/altera_lite/15.1/quartus/../ip/altera/sopc_builder_ip/altera_avalon_pio -- C:/altera_lite/15.1/quartus/../ip/altera/sopc_builder_ip/altera_avalon_pio/generate_rtl.pl --name=soc_system_dataHps --dir=C:/Users/Nilsi/AppData/Local/Temp/alt6787_5499969510283119130.dir/0001_dataHps_gen/ --quartus_dir=C:/altera_lite/15.1/quartus --verilog --config=C:/Users/Nilsi/AppData/Local/Temp/alt6787_5499969510283119130.dir/0001_dataHps_gen//soc_system_dataHps_component_configuration.pl  --do_build_sim=0  ]
Info: dataHps: Done RTL generation for module 'soc_system_dataHps'
Info: dataHps: "soc_system" instantiated altera_avalon_pio "dataHps"
Info: hps_0: "Running  for module: hps_0"
Info: hps_0: HPS Main PLL counter settings: n = 0  m = 73
Info: hps_0: HPS peripherial PLL counter settings: n = 0  m = 39
Warning: hps_0: "Configuration/HPS-to-FPGA user 0 clock frequency" (desired_cfg_clk_mhz) requested 100.0 MHz, but only achieved 97.368421 MHz
Warning: hps_0: 1 or more output clock frequencies cannot be achieved precisely, consider revising desired output clock frequencies.
Info: hps_0: "soc_system" instantiated altera_hps "hps_0"
Info: result: Starting RTL generation for module 'soc_system_result'
Info: result:   Generation command is [exec C:/altera_lite/15.1/quartus/bin64/perl/bin/perl.exe -I C:/altera_lite/15.1/quartus/bin64/perl/lib -I C:/altera_lite/15.1/quartus/sopc_builder/bin/europa -I C:/altera_lite/15.1/quartus/sopc_builder/bin/perl_lib -I C:/altera_lite/15.1/quartus/sopc_builder/bin -I C:/altera_lite/15.1/quartus/../ip/altera/sopc_builder_ip/common -I C:/altera_lite/15.1/quartus/../ip/altera/sopc_builder_ip/altera_avalon_pio -- C:/altera_lite/15.1/quartus/../ip/altera/sopc_builder_ip/altera_avalon_pio/generate_rtl.pl --name=soc_system_result --dir=C:/Users/Nilsi/AppData/Local/Temp/alt6787_5499969510283119130.dir/0002_result_gen/ --quartus_dir=C:/altera_lite/15.1/quartus --verilog --config=C:/Users/Nilsi/AppData/Local/Temp/alt6787_5499969510283119130.dir/0002_result_gen//soc_system_result_component_configuration.pl  --do_build_sim=0  ]
Info: result: Done RTL generation for module 'soc_system_result'
Info: result: "soc_system" instantiated altera_avalon_pio "result"
Info: sndFpga: Starting RTL generation for module 'soc_system_sndFpga'
Info: sndFpga:   Generation command is [exec C:/altera_lite/15.1/quartus/bin64/perl/bin/perl.exe -I C:/altera_lite/15.1/quartus/bin64/perl/lib -I C:/altera_lite/15.1/quartus/sopc_builder/bin/europa -I C:/altera_lite/15.1/quartus/sopc_builder/bin/perl_lib -I C:/altera_lite/15.1/quartus/sopc_builder/bin -I C:/altera_lite/15.1/quartus/../ip/altera/sopc_builder_ip/common -I C:/altera_lite/15.1/quartus/../ip/altera/sopc_builder_ip/altera_avalon_pio -- C:/altera_lite/15.1/quartus/../ip/altera/sopc_builder_ip/altera_avalon_pio/generate_rtl.pl --name=soc_system_sndFpga --dir=C:/Users/Nilsi/AppData/Local/Temp/alt6787_5499969510283119130.dir/0003_sndFpga_gen/ --quartus_dir=C:/altera_lite/15.1/quartus --verilog --config=C:/Users/Nilsi/AppData/Local/Temp/alt6787_5499969510283119130.dir/0003_sndFpga_gen//soc_system_sndFpga_component_configuration.pl  --do_build_sim=0  ]
Info: sndFpga: Done RTL generation for module 'soc_system_sndFpga'
Info: sndFpga: "soc_system" instantiated altera_avalon_pio "sndFpga"
Info: sndHps: Starting RTL generation for module 'soc_system_sndHps'
Info: sndHps:   Generation command is [exec C:/altera_lite/15.1/quartus/bin64/perl/bin/perl.exe -I C:/altera_lite/15.1/quartus/bin64/perl/lib -I C:/altera_lite/15.1/quartus/sopc_builder/bin/europa -I C:/altera_lite/15.1/quartus/sopc_builder/bin/perl_lib -I C:/altera_lite/15.1/quartus/sopc_builder/bin -I C:/altera_lite/15.1/quartus/../ip/altera/sopc_builder_ip/common -I C:/altera_lite/15.1/quartus/../ip/altera/sopc_builder_ip/altera_avalon_pio -- C:/altera_lite/15.1/quartus/../ip/altera/sopc_builder_ip/altera_avalon_pio/generate_rtl.pl --name=soc_system_sndHps --dir=C:/Users/Nilsi/AppData/Local/Temp/alt6787_5499969510283119130.dir/0004_sndHps_gen/ --quartus_dir=C:/altera_lite/15.1/quartus --verilog --config=C:/Users/Nilsi/AppData/Local/Temp/alt6787_5499969510283119130.dir/0004_sndHps_gen//soc_system_sndHps_component_configuration.pl  --do_build_sim=0  ]
Info: sndHps: Done RTL generation for module 'soc_system_sndHps'
Info: sndHps: "soc_system" instantiated altera_avalon_pio "sndHps"
Info: avalon_st_adapter: Inserting error_adapter: error_adapter_0
Info: avalon_st_adapter_001: Inserting error_adapter: error_adapter_0
Info: avalon_st_adapter_002: Inserting error_adapter: error_adapter_0
Info: avalon_st_adapter_003: Inserting error_adapter: error_adapter_0
Info: mm_interconnect_0: "soc_system" instantiated altera_mm_interconnect "mm_interconnect_0"
Info: rst_controller: "soc_system" instantiated altera_reset_controller "rst_controller"
Info: fpga_interfaces: "hps_0" instantiated altera_interface_generator "fpga_interfaces"
Info: hps_io: "hps_0" instantiated altera_hps_io "hps_io"
Info: dataHps_s1_translator: "mm_interconnect_0" instantiated altera_merlin_slave_translator "dataHps_s1_translator"
Info: hps_0_h2f_lw_axi_master_agent: "mm_interconnect_0" instantiated altera_merlin_axi_master_ni "hps_0_h2f_lw_axi_master_agent"
Info: dataHps_s1_agent: "mm_interconnect_0" instantiated altera_merlin_slave_agent "dataHps_s1_agent"
Info: dataHps_s1_agent_rsp_fifo: "mm_interconnect_0" instantiated altera_avalon_sc_fifo "dataHps_s1_agent_rsp_fifo"
Info: router: "mm_interconnect_0" instantiated altera_merlin_router "router"
Info: router_002: "mm_interconnect_0" instantiated altera_merlin_router "router_002"
Info: hps_0_h2f_lw_axi_master_wr_limiter: "mm_interconnect_0" instantiated altera_merlin_traffic_limiter "hps_0_h2f_lw_axi_master_wr_limiter"
Info: Reusing file C:/Users/Nilsi/Documents/FPGA/scWpa/soc_system/synthesis/submodules/altera_avalon_sc_fifo.v
Info: dataHps_s1_burst_adapter: "mm_interconnect_0" instantiated altera_merlin_burst_adapter "dataHps_s1_burst_adapter"
Info: Reusing file C:/Users/Nilsi/Documents/FPGA/scWpa/soc_system/synthesis/submodules/altera_merlin_address_alignment.sv
Info: Reusing file C:/Users/Nilsi/Documents/FPGA/scWpa/soc_system/synthesis/submodules/altera_avalon_st_pipeline_base.v
Info: cmd_demux: "mm_interconnect_0" instantiated altera_merlin_demultiplexer "cmd_demux"
Info: cmd_mux: "mm_interconnect_0" instantiated altera_merlin_multiplexer "cmd_mux"
Info: rsp_demux: "mm_interconnect_0" instantiated altera_merlin_demultiplexer "rsp_demux"
Info: rsp_mux: "mm_interconnect_0" instantiated altera_merlin_multiplexer "rsp_mux"
Info: Reusing file C:/Users/Nilsi/Documents/FPGA/scWpa/soc_system/synthesis/submodules/altera_merlin_arbitrator.sv
Info: avalon_st_adapter: "mm_interconnect_0" instantiated altera_avalon_st_adapter "avalon_st_adapter"
Info: border: "hps_io" instantiated altera_interface_generator "border"
Info: error_adapter_0: "avalon_st_adapter" instantiated error_adapter "error_adapter_0"
Info: soc_system: Done "soc_system" with 25 modules, 82 files
Info: qsys-generate succeeded.
Info: Finished: Create HDL design files for synthesis
